mode: set
github.com/naren-m/panchangam/observability/observability.go:49.43,51.29 1 1
github.com/naren-m/panchangam/observability/observability.go:51.29,56.3 2 0
github.com/naren-m/panchangam/observability/observability.go:58.2,58.11 1 1
github.com/naren-m/panchangam/observability/observability.go:62.61,66.29 3 1
github.com/naren-m/panchangam/observability/observability.go:66.29,67.20 1 1
github.com/naren-m/panchangam/observability/observability.go:67.20,72.4 2 0
github.com/naren-m/panchangam/observability/observability.go:72.9,77.4 2 1
github.com/naren-m/panchangam/observability/observability.go:80.2,80.16 1 1
github.com/naren-m/panchangam/observability/observability.go:84.35,85.15 1 1
github.com/naren-m/panchangam/observability/observability.go:85.15,87.37 1 1
github.com/naren-m/panchangam/observability/observability.go:90.2,90.11 1 1
github.com/naren-m/panchangam/observability/observability.go:94.56,96.2 1 1
github.com/naren-m/panchangam/observability/observability.go:99.53,101.2 1 1
github.com/naren-m/panchangam/observability/observability.go:104.95,106.9 2 1
github.com/naren-m/panchangam/observability/observability.go:106.9,108.3 1 1
github.com/naren-m/panchangam/observability/observability.go:109.2,110.32 2 1
github.com/naren-m/panchangam/observability/observability.go:113.59,114.128 1 1
github.com/naren-m/panchangam/observability/observability.go:114.128,120.17 6 1
github.com/naren-m/panchangam/observability/observability.go:120.17,122.4 1 1
github.com/naren-m/panchangam/observability/observability.go:123.3,123.26 1 1
github.com/naren-m/panchangam/observability/observability.go:123.26,126.18 2 1
github.com/naren-m/panchangam/observability/observability.go:126.18,130.5 3 0
github.com/naren-m/panchangam/observability/observability.go:130.10,133.5 2 1
github.com/naren-m/panchangam/observability/observability.go:136.3,137.19 2 1
github.com/naren-m/panchangam/observability/observability.go:142.43,143.30 1 1
github.com/naren-m/panchangam/observability/observability.go:143.30,160.3 2 1
github.com/naren-m/panchangam/observability/observability.go:161.2,161.17 1 1
github.com/naren-m/panchangam/observability/observability.go:164.61,166.16 2 1
github.com/naren-m/panchangam/observability/observability.go:166.16,167.82 1 0
github.com/naren-m/panchangam/observability/observability.go:170.2,178.16 4 1
github.com/naren-m/panchangam/observability/observability.go:181.75,182.19 1 1
github.com/naren-m/panchangam/observability/observability.go:182.19,184.3 1 1
github.com/naren-m/panchangam/observability/observability.go:185.2,189.16 2 1
github.com/naren-m/panchangam/observability/observability.go:189.16,191.3 1 0
github.com/naren-m/panchangam/observability/observability.go:194.2,195.16 2 1
github.com/naren-m/panchangam/observability/observability.go:195.16,197.3 1 0
github.com/naren-m/panchangam/observability/observability.go:199.2,207.16 4 1
github.com/naren-m/panchangam/observability/observability.go:210.51,214.16 3 1
github.com/naren-m/panchangam/observability/observability.go:214.16,215.70 1 0
github.com/naren-m/panchangam/observability/observability.go:218.2,224.11 3 1
