mode: atomic
github.com/naren-m/panchangam/astronomy/sunrise.go:35.73,37.2 1 124
github.com/naren-m/panchangam/astronomy/sunrise.go:40.105,121.14 27 246
github.com/naren-m/panchangam/astronomy/sunrise.go:121.14,137.3 7 2
github.com/naren-m/panchangam/astronomy/sunrise.go:137.8,137.22 1 244
github.com/naren-m/panchangam/astronomy/sunrise.go:137.22,153.3 7 4
github.com/naren-m/panchangam/astronomy/sunrise.go:156.2,196.19 17 240
github.com/naren-m/panchangam/astronomy/sunrise.go:196.19,198.3 1 220
github.com/naren-m/panchangam/astronomy/sunrise.go:200.2,212.20 3 240
github.com/naren-m/panchangam/astronomy/sunrise.go:216.41,221.16 4 4
github.com/naren-m/panchangam/astronomy/sunrise.go:221.16,224.3 2 1
github.com/naren-m/panchangam/astronomy/sunrise.go:226.2,233.11 4 4
github.com/naren-m/panchangam/astronomy/sunrise.go:237.51,239.2 1 2
github.com/naren-m/panchangam/astronomy/sunrise.go:242.83,282.2 15 3
github.com/naren-m/panchangam/astronomy/sunrise.go:285.89,287.2 1 4
github.com/naren-m/panchangam/astronomy/sunrise.go:290.121,316.14 8 6
github.com/naren-m/panchangam/astronomy/sunrise.go:316.14,321.3 3 3
github.com/naren-m/panchangam/astronomy/sunrise.go:321.8,321.22 1 3
github.com/naren-m/panchangam/astronomy/sunrise.go:321.22,326.3 3 0
github.com/naren-m/panchangam/astronomy/sunrise.go:328.2,354.24 9 3
github.com/naren-m/panchangam/astronomy/sunrise.go:358.70,360.2 1 2
github.com/naren-m/panchangam/astronomy/sunrise.go:363.102,375.16 6 7
github.com/naren-m/panchangam/astronomy/sunrise.go:375.16,378.3 2 0
github.com/naren-m/panchangam/astronomy/sunrise.go:380.2,385.30 3 7
github.com/naren-m/panchangam/astronomy/sunrise.go:389.69,391.2 1 2
github.com/naren-m/panchangam/astronomy/sunrise.go:394.101,406.16 6 7
github.com/naren-m/panchangam/astronomy/sunrise.go:406.16,409.3 2 0
github.com/naren-m/panchangam/astronomy/sunrise.go:411.2,416.29 3 7
github.com/naren-m/panchangam/astronomy/sunrise.go:420.52,421.16 1 246
github.com/naren-m/panchangam/astronomy/sunrise.go:421.16,424.3 2 10
github.com/naren-m/panchangam/astronomy/sunrise.go:426.2,433.11 4 246
github.com/naren-m/panchangam/astronomy/sunrise.go:437.114,446.2 5 480
